<?xml version="1.0" encoding="UTF-8"?>
<!-- Generated by org.testng.reporters.JUnitReportReporter -->
<testsuite hostname="DESKTOP-3DNQ811" failures="0" tests="1" name="rahulshettyacademy.tests.ErrorValidation" time="6.397" errors="0" timestamp="2023-06-24T04:33:13 EDT" skipped="0">
  <testcase classname="rahulshettyacademy.tests.ErrorValidation" name="submitOrder" time="6.397"/>
  <system-out/>
</testsuite> <!-- rahulshettyacademy.tests.ErrorValidation -->
