<?xml version="1.0" encoding="UTF-8"?>
<!-- Generated by org.testng.reporters.JUnitReportReporter -->
<testsuite hostname="DESKTOP-3DNQ811" failures="0" tests="1" name="cucumber.TestNGTestRunner" time="16.872" errors="0" timestamp="2023-12-30T14:41:28 EST" skipped="0">
  <testcase classname="cucumber.TestNGTestRunner" name="runScenario" time="16.872"/>
  <system-out/>
</testsuite> <!-- cucumber.TestNGTestRunner -->
