<?xml version="1.0" encoding="UTF-8"?>
<!-- Generated by org.testng.reporters.JUnitReportReporter -->
<testsuite hostname="DESKTOP-3DNQ811" failures="0" tests="1" name="cucumber.TestNGTestRunner" time="13.899" errors="0" timestamp="2023-07-04T09:14:26 EDT" skipped="0">
  <testcase classname="cucumber.TestNGTestRunner" name="runScenario" time="13.899"/>
  <system-out/>
</testsuite> <!-- cucumber.TestNGTestRunner -->
